[2.511s] DEBUG:colcon:Command line arguments: ['/usr/bin/colcon', 'build', '--symlink-install']
[2.511s] DEBUG:colcon:Parsed command line arguments: Namespace(log_base=None, log_level=None, verb_name='build', build_base='build', install_base='install', merge_install=False, symlink_install=True, test_result_base=None, continue_on_error=False, executor='parallel', parallel_workers=4, event_handlers=None, ignore_user_meta=False, metas=['./colcon.meta'], base_paths=['.'], packages_ignore=None, packages_ignore_regex=None, paths=None, packages_up_to=None, packages_up_to_regex=None, packages_above=None, packages_above_and_dependencies=None, packages_above_depth=None, packages_select_by_dep=None, packages_skip_by_dep=None, packages_skip_up_to=None, packages_select_build_failed=False, packages_skip_build_finished=False, packages_select_test_failures=False, packages_skip_test_passed=False, packages_select=None, packages_skip=None, packages_select_regex=None, packages_skip_regex=None, packages_start=None, packages_end=None, allow_overriding=[], cmake_args=None, cmake_target=None, cmake_target_skip_unavailable=False, cmake_clean_cache=False, cmake_clean_first=False, cmake_force_configure=False, ament_cmake_args=None, catkin_cmake_args=None, catkin_skip_building_tests=False, verb_parser=<colcon_defaults.argument_parser.defaults.DefaultArgumentsDecorator object at 0x7f6121cb5e70>, verb_extension=<colcon_core.verb.build.BuildVerb object at 0x7f6121fad360>, main=<bound method BuildVerb.main of <colcon_core.verb.build.BuildVerb object at 0x7f6121fad360>>)
[2.749s] Level 1:colcon.colcon_core.package_discovery:discover_packages(colcon_meta) check parameters
[2.749s] Level 1:colcon.colcon_core.package_discovery:discover_packages(recursive) check parameters
[2.749s] Level 1:colcon.colcon_core.package_discovery:discover_packages(ignore) check parameters
[2.749s] Level 1:colcon.colcon_core.package_discovery:discover_packages(path) check parameters
[2.749s] Level 1:colcon.colcon_core.package_discovery:discover_packages(colcon_meta) discover
[2.749s] Level 1:colcon.colcon_core.package_discovery:discover_packages(recursive) discover
[2.749s] INFO:colcon.colcon_core.package_discovery:Crawling recursively for packages in '/home/ruasgar/ros2_ws'
[2.750s] Level 1:colcon.colcon_core.package_identification:_identify(.) by extensions ['ignore', 'ignore_ament_install']
[2.750s] Level 1:colcon.colcon_core.package_identification:_identify(.) by extension 'ignore'
[2.750s] Level 1:colcon.colcon_core.package_identification:_identify(.) by extension 'ignore_ament_install'
[2.750s] Level 1:colcon.colcon_core.package_identification:_identify(.) by extensions ['colcon_pkg']
[2.750s] Level 1:colcon.colcon_core.package_identification:_identify(.) by extension 'colcon_pkg'
[2.750s] Level 1:colcon.colcon_core.package_identification:_identify(.) by extensions ['colcon_meta']
[2.750s] Level 1:colcon.colcon_core.package_identification:_identify(.) by extension 'colcon_meta'
[2.750s] Level 1:colcon.colcon_core.package_identification:_identify(.) by extensions ['ros']
[2.750s] Level 1:colcon.colcon_core.package_identification:_identify(.) by extension 'ros'
[2.770s] Level 1:colcon.colcon_core.package_identification:_identify(.) by extensions ['cmake', 'python']
[2.770s] Level 1:colcon.colcon_core.package_identification:_identify(.) by extension 'cmake'
[2.770s] Level 1:colcon.colcon_core.package_identification:_identify(.) by extension 'python'
[2.770s] Level 1:colcon.colcon_core.package_identification:_identify(.) by extensions ['python_setup_py']
[2.770s] Level 1:colcon.colcon_core.package_identification:_identify(.) by extension 'python_setup_py'
[2.771s] Level 1:colcon.colcon_core.package_identification:_identify(build) by extensions ['ignore', 'ignore_ament_install']
[2.771s] Level 1:colcon.colcon_core.package_identification:_identify(build) by extension 'ignore'
[2.771s] Level 1:colcon.colcon_core.package_identification:_identify(build) ignored
[2.772s] Level 1:colcon.colcon_core.package_identification:_identify(install) by extensions ['ignore', 'ignore_ament_install']
[3.353s] Level 1:colcon.colcon_core.package_identification:_identify(install) by extension 'ignore'
[3.353s] Level 1:colcon.colcon_core.package_identification:_identify(install) ignored
[3.355s] Level 1:colcon.colcon_core.package_identification:_identify(log) by extensions ['ignore', 'ignore_ament_install']
[3.356s] Level 1:colcon.colcon_core.package_identification:_identify(log) by extension 'ignore'
[3.357s] Level 1:colcon.colcon_core.package_identification:_identify(log) ignored
[3.358s] Level 1:colcon.colcon_core.package_identification:_identify(my_robot_controller) by extensions ['ignore', 'ignore_ament_install']
[3.359s] Level 1:colcon.colcon_core.package_identification:_identify(my_robot_controller) by extension 'ignore'
[3.360s] Level 1:colcon.colcon_core.package_identification:_identify(my_robot_controller) by extension 'ignore_ament_install'
[3.361s] Level 1:colcon.colcon_core.package_identification:_identify(my_robot_controller) by extensions ['colcon_pkg']
[3.361s] Level 1:colcon.colcon_core.package_identification:_identify(my_robot_controller) by extension 'colcon_pkg'
[3.362s] Level 1:colcon.colcon_core.package_identification:_identify(my_robot_controller) by extensions ['colcon_meta']
[3.362s] Level 1:colcon.colcon_core.package_identification:_identify(my_robot_controller) by extension 'colcon_meta'
[3.362s] Level 1:colcon.colcon_core.package_identification:_identify(my_robot_controller) by extensions ['ros']
[3.363s] Level 1:colcon.colcon_core.package_identification:_identify(my_robot_controller) by extension 'ros'
[3.378s] DEBUG:colcon.colcon_core.package_identification:Package 'my_robot_controller' with type 'ros.ament_python' and name 'my_robot_controller'
[3.378s] Level 1:colcon.colcon_core.package_discovery:discover_packages(recursive) using defaults
[3.378s] Level 1:colcon.colcon_core.package_discovery:discover_packages(ignore) discover
[3.379s] Level 1:colcon.colcon_core.package_discovery:discover_packages(ignore) using defaults
[3.379s] Level 1:colcon.colcon_core.package_discovery:discover_packages(path) discover
[3.379s] Level 1:colcon.colcon_core.package_discovery:discover_packages(path) using defaults
[3.664s] Level 1:colcon.colcon_core.package_discovery:discover_packages(prefix_path) check parameters
[3.664s] Level 1:colcon.colcon_core.package_discovery:discover_packages(prefix_path) discover
[3.743s] DEBUG:colcon.colcon_installed_package_information.package_discovery:Found 277 installed packages in /opt/ros/humble
[3.745s] Level 1:colcon.colcon_core.package_discovery:discover_packages(prefix_path) using defaults
[3.969s] Level 5:colcon.colcon_core.verb:set package 'my_robot_controller' build argument 'cmake_args' from command line to 'None'
[3.969s] Level 5:colcon.colcon_core.verb:set package 'my_robot_controller' build argument 'cmake_target' from command line to 'None'
[3.969s] Level 5:colcon.colcon_core.verb:set package 'my_robot_controller' build argument 'cmake_target_skip_unavailable' from command line to 'False'
[3.969s] Level 5:colcon.colcon_core.verb:set package 'my_robot_controller' build argument 'cmake_clean_cache' from command line to 'False'
[3.969s] Level 5:colcon.colcon_core.verb:set package 'my_robot_controller' build argument 'cmake_clean_first' from command line to 'False'
[3.970s] Level 5:colcon.colcon_core.verb:set package 'my_robot_controller' build argument 'cmake_force_configure' from command line to 'False'
[3.970s] Level 5:colcon.colcon_core.verb:set package 'my_robot_controller' build argument 'ament_cmake_args' from command line to 'None'
[3.970s] Level 5:colcon.colcon_core.verb:set package 'my_robot_controller' build argument 'catkin_cmake_args' from command line to 'None'
[3.970s] Level 5:colcon.colcon_core.verb:set package 'my_robot_controller' build argument 'catkin_skip_building_tests' from command line to 'False'
[3.970s] DEBUG:colcon.colcon_core.verb:Building package 'my_robot_controller' with the following arguments: {'ament_cmake_args': None, 'build_base': '/home/ruasgar/ros2_ws/build/my_robot_controller', 'catkin_cmake_args': None, 'catkin_skip_building_tests': False, 'cmake_args': None, 'cmake_clean_cache': False, 'cmake_clean_first': False, 'cmake_force_configure': False, 'cmake_target': None, 'cmake_target_skip_unavailable': False, 'install_base': '/home/ruasgar/ros2_ws/install/my_robot_controller', 'merge_install': False, 'path': '/home/ruasgar/ros2_ws/my_robot_controller', 'symlink_install': True, 'test_result_base': None}
[4.007s] INFO:colcon.colcon_core.executor:Executing jobs using 'parallel' executor
[4.044s] DEBUG:colcon.colcon_parallel_executor.executor.parallel:run_until_complete
[4.044s] INFO:colcon.colcon_ros.task.ament_python.build:Building ROS package in '/home/ruasgar/ros2_ws/my_robot_controller' with build type 'ament_python'
[4.045s] Level 1:colcon.colcon_core.shell:create_environment_hook('my_robot_controller', 'ament_prefix_path')
[4.092s] INFO:colcon.colcon_core.plugin_system:Skipping extension 'colcon_core.shell.bat': Not used on non-Windows systems
[4.093s] INFO:colcon.colcon_core.shell:Creating environment hook '/home/ruasgar/ros2_ws/install/my_robot_controller/share/my_robot_controller/hook/ament_prefix_path.ps1'
[4.094s] INFO:colcon.colcon_core.shell:Creating environment descriptor '/home/ruasgar/ros2_ws/install/my_robot_controller/share/my_robot_controller/hook/ament_prefix_path.dsv'
[4.095s] INFO:colcon.colcon_core.shell:Creating environment hook '/home/ruasgar/ros2_ws/install/my_robot_controller/share/my_robot_controller/hook/ament_prefix_path.sh'
[4.133s] INFO:colcon.colcon_core.shell:Skip shell extension 'powershell' for command environment: Not usable outside of PowerShell
[4.133s] DEBUG:colcon.colcon_core.shell:Skip shell extension 'dsv' for command environment
[4.852s] INFO:colcon.colcon_core.task.python.build:Building Python package in '/home/ruasgar/ros2_ws/my_robot_controller'
[4.893s] INFO:colcon.colcon_core.shell:Skip shell extension 'powershell' for command environment: Not usable outside of PowerShell
[4.893s] DEBUG:colcon.colcon_core.shell:Skip shell extension 'dsv' for command environment
[5.746s] DEBUG:colcon.colcon_core.event_handler.log_command:Invoking command in '/home/ruasgar/ros2_ws/build/my_robot_controller': PYTHONPATH=/home/ruasgar/ros2_ws/build/my_robot_controller/prefix_override:/home/ruasgar/ros2_ws/install/my_robot_controller/lib/python3.10/site-packages:${PYTHONPATH} /usr/bin/python3 setup.py develop --editable --build-directory /home/ruasgar/ros2_ws/build/my_robot_controller/build --no-deps install_data
[6.805s] Level 1:colcon.colcon_core.shell:create_environment_hook('my_robot_controller', 'pythonpath_develop')
[6.807s] DEBUG:colcon.colcon_core.event_handler.log_command:Invoked command in '/home/ruasgar/ros2_ws/build/my_robot_controller' returned '0': PYTHONPATH=/home/ruasgar/ros2_ws/build/my_robot_controller/prefix_override:/home/ruasgar/ros2_ws/install/my_robot_controller/lib/python3.10/site-packages:${PYTHONPATH} /usr/bin/python3 setup.py develop --editable --build-directory /home/ruasgar/ros2_ws/build/my_robot_controller/build --no-deps install_data
[6.844s] INFO:colcon.colcon_core.shell:Creating environment hook '/home/ruasgar/ros2_ws/build/my_robot_controller/share/my_robot_controller/hook/pythonpath_develop.ps1'
[6.845s] INFO:colcon.colcon_core.shell:Creating environment descriptor '/home/ruasgar/ros2_ws/build/my_robot_controller/share/my_robot_controller/hook/pythonpath_develop.dsv'
[6.846s] INFO:colcon.colcon_core.shell:Creating environment hook '/home/ruasgar/ros2_ws/build/my_robot_controller/share/my_robot_controller/hook/pythonpath_develop.sh'
[6.897s] Level 1:colcon.colcon_core.environment:checking '/home/ruasgar/ros2_ws/install/my_robot_controller' for CMake module files
[6.899s] Level 1:colcon.colcon_core.environment:checking '/home/ruasgar/ros2_ws/install/my_robot_controller' for CMake config files
[6.901s] Level 1:colcon.colcon_core.environment:checking '/home/ruasgar/ros2_ws/install/my_robot_controller/lib'
[6.901s] Level 1:colcon.colcon_core.environment:checking '/home/ruasgar/ros2_ws/install/my_robot_controller/bin'
[6.901s] Level 1:colcon.colcon_core.environment:checking '/home/ruasgar/ros2_ws/install/my_robot_controller/lib/pkgconfig/my_robot_controller.pc'
[6.902s] Level 1:colcon.colcon_core.environment:checking '/home/ruasgar/ros2_ws/install/my_robot_controller/lib/python3.10/site-packages'
[6.902s] Level 1:colcon.colcon_core.shell:create_environment_hook('my_robot_controller', 'pythonpath')
[6.938s] INFO:colcon.colcon_core.shell:Creating environment hook '/home/ruasgar/ros2_ws/install/my_robot_controller/share/my_robot_controller/hook/pythonpath.ps1'
[6.939s] INFO:colcon.colcon_core.shell:Creating environment descriptor '/home/ruasgar/ros2_ws/install/my_robot_controller/share/my_robot_controller/hook/pythonpath.dsv'
[6.941s] INFO:colcon.colcon_core.shell:Creating environment hook '/home/ruasgar/ros2_ws/install/my_robot_controller/share/my_robot_controller/hook/pythonpath.sh'
[6.942s] Level 1:colcon.colcon_core.environment:checking '/home/ruasgar/ros2_ws/install/my_robot_controller/bin'
[6.942s] Level 1:colcon.colcon_core.environment:create_environment_scripts_only(my_robot_controller)
[6.979s] INFO:colcon.colcon_core.shell:Creating package script '/home/ruasgar/ros2_ws/install/my_robot_controller/share/my_robot_controller/package.ps1'
[6.981s] INFO:colcon.colcon_core.shell:Creating package descriptor '/home/ruasgar/ros2_ws/install/my_robot_controller/share/my_robot_controller/package.dsv'
[6.982s] INFO:colcon.colcon_core.shell:Creating package script '/home/ruasgar/ros2_ws/install/my_robot_controller/share/my_robot_controller/package.sh'
[6.985s] INFO:colcon.colcon_core.shell:Creating package script '/home/ruasgar/ros2_ws/install/my_robot_controller/share/my_robot_controller/package.bash'
[6.987s] INFO:colcon.colcon_core.shell:Creating package script '/home/ruasgar/ros2_ws/install/my_robot_controller/share/my_robot_controller/package.zsh'
[6.989s] Level 1:colcon.colcon_core.environment:create_file_with_runtime_dependencies(/home/ruasgar/ros2_ws/install/my_robot_controller/share/colcon-core/packages/my_robot_controller)
[6.990s] DEBUG:colcon.colcon_parallel_executor.executor.parallel:closing loop
[6.991s] DEBUG:colcon.colcon_parallel_executor.executor.parallel:loop closed
[6.991s] DEBUG:colcon.colcon_parallel_executor.executor.parallel:run_until_complete finished with '0'
[6.991s] DEBUG:colcon.colcon_core.event_reactor:joining thread
[7.074s] INFO:colcon.colcon_core.plugin_system:Skipping extension 'colcon_notification.desktop_notification.notify_send': Could not find 'notify-send'
[7.075s] INFO:colcon.colcon_core.plugin_system:Skipping extension 'colcon_notification.desktop_notification.terminal_notifier': Not used on non-Darwin systems
[7.075s] INFO:colcon.colcon_core.plugin_system:Skipping extension 'colcon_notification.desktop_notification.win32': Not used on non-Windows systems
[7.075s] INFO:colcon.colcon_notification.desktop_notification:Sending desktop notification using 'notify2'
[7.148s] DEBUG:colcon.colcon_notification.desktop_notification.notify2:Failed to initialize notify2: org.freedesktop.DBus.Error.ServiceUnknown: The name org.freedesktop.Notifications was not provided by any .service files
[7.149s] DEBUG:colcon.colcon_core.event_reactor:joined thread
[7.190s] INFO:colcon.colcon_core.shell:Creating prefix script '/home/ruasgar/ros2_ws/install/local_setup.ps1'
[7.192s] INFO:colcon.colcon_core.shell:Creating prefix util module '/home/ruasgar/ros2_ws/install/_local_setup_util_ps1.py'
[7.194s] INFO:colcon.colcon_core.shell:Creating prefix chain script '/home/ruasgar/ros2_ws/install/setup.ps1'
[7.239s] INFO:colcon.colcon_core.shell:Creating prefix script '/home/ruasgar/ros2_ws/install/local_setup.sh'
[7.240s] INFO:colcon.colcon_core.shell:Creating prefix util module '/home/ruasgar/ros2_ws/install/_local_setup_util_sh.py'
[7.242s] INFO:colcon.colcon_core.shell:Creating prefix chain script '/home/ruasgar/ros2_ws/install/setup.sh'
[7.283s] INFO:colcon.colcon_core.shell:Creating prefix script '/home/ruasgar/ros2_ws/install/local_setup.bash'
[7.284s] INFO:colcon.colcon_core.shell:Creating prefix chain script '/home/ruasgar/ros2_ws/install/setup.bash'
[7.323s] INFO:colcon.colcon_core.shell:Creating prefix script '/home/ruasgar/ros2_ws/install/local_setup.zsh'
[7.325s] INFO:colcon.colcon_core.shell:Creating prefix chain script '/home/ruasgar/ros2_ws/install/setup.zsh'
