[2.578s] Invoking command in '/home/ruasgar/ros2_ws/my_robot_controller': PYTHONPATH=/home/ruasgar/ros2_ws/build/my_robot_controller/prefix_override:/home/ruasgar/ros2_ws/install/my_robot_controller/lib/python3.10/site-packages:${PYTHONPATH} /usr/bin/python3 setup.py egg_info --egg-base ../build/my_robot_controller build --build-base /home/ruasgar/ros2_ws/build/my_robot_controller/build install --record /home/ruasgar/ros2_ws/build/my_robot_controller/install.log --single-version-externally-managed
[3.127s] running egg_info
[3.128s] creating ../build/my_robot_controller/my_robot_controller.egg-info
[3.128s] writing ../build/my_robot_controller/my_robot_controller.egg-info/PKG-INFO
[3.131s] writing dependency_links to ../build/my_robot_controller/my_robot_controller.egg-info/dependency_links.txt
[3.132s] writing entry points to ../build/my_robot_controller/my_robot_controller.egg-info/entry_points.txt
[3.133s] writing requirements to ../build/my_robot_controller/my_robot_controller.egg-info/requires.txt
[3.134s] writing top-level names to ../build/my_robot_controller/my_robot_controller.egg-info/top_level.txt
[3.135s] writing manifest file '../build/my_robot_controller/my_robot_controller.egg-info/SOURCES.txt'
[3.142s] reading manifest file '../build/my_robot_controller/my_robot_controller.egg-info/SOURCES.txt'
[3.144s] writing manifest file '../build/my_robot_controller/my_robot_controller.egg-info/SOURCES.txt'
[3.145s] running build
[3.145s] running build_py
[3.145s] creating /home/ruasgar/ros2_ws/build/my_robot_controller/build
[3.146s] creating /home/ruasgar/ros2_ws/build/my_robot_controller/build/lib
[3.146s] creating /home/ruasgar/ros2_ws/build/my_robot_controller/build/lib/my_robot_controller
[3.147s] copying my_robot_controller/__init__.py -> /home/ruasgar/ros2_ws/build/my_robot_controller/build/lib/my_robot_controller
[3.148s] running install
[3.167s] /usr/lib/python3/dist-packages/setuptools/command/install.py:34: SetuptoolsDeprecationWarning: setup.py install is deprecated. Use build and pip and other standards-based tools.
[3.168s]   warnings.warn(
[3.168s] running install_lib
[3.171s] creating /home/ruasgar/ros2_ws/install/my_robot_controller/lib/python3.10/site-packages/my_robot_controller
[3.171s] copying /home/ruasgar/ros2_ws/build/my_robot_controller/build/lib/my_robot_controller/__init__.py -> /home/ruasgar/ros2_ws/install/my_robot_controller/lib/python3.10/site-packages/my_robot_controller
[3.173s] byte-compiling /home/ruasgar/ros2_ws/install/my_robot_controller/lib/python3.10/site-packages/my_robot_controller/__init__.py to __init__.cpython-310.pyc
[3.177s] running install_data
[3.179s] creating /home/ruasgar/ros2_ws/install/my_robot_controller/share/ament_index
[3.179s] creating /home/ruasgar/ros2_ws/install/my_robot_controller/share/ament_index/resource_index
[3.179s] creating /home/ruasgar/ros2_ws/install/my_robot_controller/share/ament_index/resource_index/packages
[3.180s] copying resource/my_robot_controller -> /home/ruasgar/ros2_ws/install/my_robot_controller/share/ament_index/resource_index/packages
[3.181s] copying package.xml -> /home/ruasgar/ros2_ws/install/my_robot_controller/share/my_robot_controller
[3.182s] running install_egg_info
[3.187s] Copying ../build/my_robot_controller/my_robot_controller.egg-info to /home/ruasgar/ros2_ws/install/my_robot_controller/lib/python3.10/site-packages/my_robot_controller-0.0.0-py3.10.egg-info
[3.203s] running install_scripts
[3.243s] writing list of installed files to '/home/ruasgar/ros2_ws/build/my_robot_controller/install.log'
[3.279s] Invoked command in '/home/ruasgar/ros2_ws/my_robot_controller' returned '0': PYTHONPATH=/home/ruasgar/ros2_ws/build/my_robot_controller/prefix_override:/home/ruasgar/ros2_ws/install/my_robot_controller/lib/python3.10/site-packages:${PYTHONPATH} /usr/bin/python3 setup.py egg_info --egg-base ../build/my_robot_controller build --build-base /home/ruasgar/ros2_ws/build/my_robot_controller/build install --record /home/ruasgar/ros2_ws/build/my_robot_controller/install.log --single-version-externally-managed
