[3.680s] Invoking command in '/home/ruasgar/ros2_ws/my_robot_controller': PYTHONPATH=/home/ruasgar/ros2_ws/build/my_robot_controller/prefix_override:/home/ruasgar/ros2_ws/install/my_robot_controller/lib/python3.10/site-packages:${PYTHONPATH} /usr/bin/python3 setup.py egg_info --egg-base ../build/my_robot_controller build --build-base /home/ruasgar/ros2_ws/build/my_robot_controller/build install --record /home/ruasgar/ros2_ws/build/my_robot_controller/install.log --single-version-externally-managed
[4.588s] running egg_info
[4.589s] writing ../build/my_robot_controller/my_robot_controller.egg-info/PKG-INFO
[4.590s] writing dependency_links to ../build/my_robot_controller/my_robot_controller.egg-info/dependency_links.txt
[4.591s] writing entry points to ../build/my_robot_controller/my_robot_controller.egg-info/entry_points.txt
[4.593s] writing requirements to ../build/my_robot_controller/my_robot_controller.egg-info/requires.txt
[4.595s] writing top-level names to ../build/my_robot_controller/my_robot_controller.egg-info/top_level.txt
[4.602s] reading manifest file '../build/my_robot_controller/my_robot_controller.egg-info/SOURCES.txt'
[4.619s] writing manifest file '../build/my_robot_controller/my_robot_controller.egg-info/SOURCES.txt'
[4.620s] running build
[4.621s] running build_py
[4.622s] copying my_robot_controller/my_first_node.py -> /home/ruasgar/ros2_ws/build/my_robot_controller/build/lib/my_robot_controller
[4.624s] running install
[4.625s] running install_lib
[4.628s] copying /home/ruasgar/ros2_ws/build/my_robot_controller/build/lib/my_robot_controller/my_first_node.py -> /home/ruasgar/ros2_ws/install/my_robot_controller/lib/python3.10/site-packages/my_robot_controller
[4.644s] byte-compiling /home/ruasgar/ros2_ws/install/my_robot_controller/lib/python3.10/site-packages/my_robot_controller/my_first_node.py to my_first_node.cpython-310.pyc
[4.647s] running install_data
[4.650s] running install_egg_info
[4.654s] removing '/home/ruasgar/ros2_ws/install/my_robot_controller/lib/python3.10/site-packages/my_robot_controller-0.0.0-py3.10.egg-info' (and everything under it)
[4.659s] Copying ../build/my_robot_controller/my_robot_controller.egg-info to /home/ruasgar/ros2_ws/install/my_robot_controller/lib/python3.10/site-packages/my_robot_controller-0.0.0-py3.10.egg-info
[4.675s] running install_scripts
[4.721s] Installing test_node script to /home/ruasgar/ros2_ws/install/my_robot_controller/lib/my_robot_controller
[4.722s] writing list of installed files to '/home/ruasgar/ros2_ws/build/my_robot_controller/install.log'
[4.768s] Invoked command in '/home/ruasgar/ros2_ws/my_robot_controller' returned '0': PYTHONPATH=/home/ruasgar/ros2_ws/build/my_robot_controller/prefix_override:/home/ruasgar/ros2_ws/install/my_robot_controller/lib/python3.10/site-packages:${PYTHONPATH} /usr/bin/python3 setup.py egg_info --egg-base ../build/my_robot_controller build --build-base /home/ruasgar/ros2_ws/build/my_robot_controller/build install --record /home/ruasgar/ros2_ws/build/my_robot_controller/install.log --single-version-externally-managed
