[2.515s] DEBUG:colcon:Command line arguments: ['/usr/bin/colcon', 'build']
[2.516s] DEBUG:colcon:Parsed command line arguments: Namespace(log_base=None, log_level=None, verb_name='build', build_base='build', install_base='install', merge_install=False, symlink_install=False, test_result_base=None, continue_on_error=False, executor='parallel', parallel_workers=4, event_handlers=None, ignore_user_meta=False, metas=['./colcon.meta'], base_paths=['.'], packages_ignore=None, packages_ignore_regex=None, paths=None, packages_up_to=None, packages_up_to_regex=None, packages_above=None, packages_above_and_dependencies=None, packages_above_depth=None, packages_select_by_dep=None, packages_skip_by_dep=None, packages_skip_up_to=None, packages_select_build_failed=False, packages_skip_build_finished=False, packages_select_test_failures=False, packages_skip_test_passed=False, packages_select=None, packages_skip=None, packages_select_regex=None, packages_skip_regex=None, packages_start=None, packages_end=None, allow_overriding=[], cmake_args=None, cmake_target=None, cmake_target_skip_unavailable=False, cmake_clean_cache=False, cmake_clean_first=False, cmake_force_configure=False, ament_cmake_args=None, catkin_cmake_args=None, catkin_skip_building_tests=False, verb_parser=<colcon_defaults.argument_parser.defaults.DefaultArgumentsDecorator object at 0x7f357baf5e70>, verb_extension=<colcon_core.verb.build.BuildVerb object at 0x7f357bdf1360>, main=<bound method BuildVerb.main of <colcon_core.verb.build.BuildVerb object at 0x7f357bdf1360>>)
[2.636s] Level 1:colcon.colcon_core.package_discovery:discover_packages(colcon_meta) check parameters
[2.636s] Level 1:colcon.colcon_core.package_discovery:discover_packages(recursive) check parameters
[2.636s] Level 1:colcon.colcon_core.package_discovery:discover_packages(ignore) check parameters
[2.636s] Level 1:colcon.colcon_core.package_discovery:discover_packages(path) check parameters
[2.636s] Level 1:colcon.colcon_core.package_discovery:discover_packages(colcon_meta) discover
[2.636s] Level 1:colcon.colcon_core.package_discovery:discover_packages(recursive) discover
[2.636s] INFO:colcon.colcon_core.package_discovery:Crawling recursively for packages in '/home/ruasgar/ros2_ws'
[2.637s] Level 1:colcon.colcon_core.package_identification:_identify(.) by extensions ['ignore', 'ignore_ament_install']
[2.637s] Level 1:colcon.colcon_core.package_identification:_identify(.) by extension 'ignore'
[2.637s] Level 1:colcon.colcon_core.package_identification:_identify(.) by extension 'ignore_ament_install'
[2.637s] Level 1:colcon.colcon_core.package_identification:_identify(.) by extensions ['colcon_pkg']
[2.637s] Level 1:colcon.colcon_core.package_identification:_identify(.) by extension 'colcon_pkg'
[2.637s] Level 1:colcon.colcon_core.package_identification:_identify(.) by extensions ['colcon_meta']
[2.637s] Level 1:colcon.colcon_core.package_identification:_identify(.) by extension 'colcon_meta'
[2.638s] Level 1:colcon.colcon_core.package_identification:_identify(.) by extensions ['ros']
[2.638s] Level 1:colcon.colcon_core.package_identification:_identify(.) by extension 'ros'
[2.656s] Level 1:colcon.colcon_core.package_identification:_identify(.) by extensions ['cmake', 'python']
[2.656s] Level 1:colcon.colcon_core.package_identification:_identify(.) by extension 'cmake'
[2.656s] Level 1:colcon.colcon_core.package_identification:_identify(.) by extension 'python'
[2.656s] Level 1:colcon.colcon_core.package_identification:_identify(.) by extensions ['python_setup_py']
[2.656s] Level 1:colcon.colcon_core.package_identification:_identify(.) by extension 'python_setup_py'
[2.657s] Level 1:colcon.colcon_core.package_identification:_identify(build) by extensions ['ignore', 'ignore_ament_install']
[2.657s] Level 1:colcon.colcon_core.package_identification:_identify(build) by extension 'ignore'
[2.657s] Level 1:colcon.colcon_core.package_identification:_identify(build) ignored
[2.658s] Level 1:colcon.colcon_core.package_identification:_identify(install) by extensions ['ignore', 'ignore_ament_install']
[2.658s] Level 1:colcon.colcon_core.package_identification:_identify(install) by extension 'ignore'
[2.658s] Level 1:colcon.colcon_core.package_identification:_identify(install) ignored
[2.658s] Level 1:colcon.colcon_core.package_identification:_identify(log) by extensions ['ignore', 'ignore_ament_install']
[2.659s] Level 1:colcon.colcon_core.package_identification:_identify(log) by extension 'ignore'
[2.659s] Level 1:colcon.colcon_core.package_identification:_identify(log) ignored
[2.659s] Level 1:colcon.colcon_core.package_identification:_identify(my_robot_controller) by extensions ['ignore', 'ignore_ament_install']
[2.659s] Level 1:colcon.colcon_core.package_identification:_identify(my_robot_controller) by extension 'ignore'
[2.659s] Level 1:colcon.colcon_core.package_identification:_identify(my_robot_controller) by extension 'ignore_ament_install'
[2.660s] Level 1:colcon.colcon_core.package_identification:_identify(my_robot_controller) by extensions ['colcon_pkg']
[2.660s] Level 1:colcon.colcon_core.package_identification:_identify(my_robot_controller) by extension 'colcon_pkg'
[2.660s] Level 1:colcon.colcon_core.package_identification:_identify(my_robot_controller) by extensions ['colcon_meta']
[2.660s] Level 1:colcon.colcon_core.package_identification:_identify(my_robot_controller) by extension 'colcon_meta'
[2.661s] Level 1:colcon.colcon_core.package_identification:_identify(my_robot_controller) by extensions ['ros']
[2.661s] Level 1:colcon.colcon_core.package_identification:_identify(my_robot_controller) by extension 'ros'
[2.665s] DEBUG:colcon.colcon_core.package_identification:Package 'my_robot_controller' with type 'ros.ament_python' and name 'my_robot_controller'
[2.665s] Level 1:colcon.colcon_core.package_discovery:discover_packages(recursive) using defaults
[2.665s] Level 1:colcon.colcon_core.package_discovery:discover_packages(ignore) discover
[2.666s] Level 1:colcon.colcon_core.package_discovery:discover_packages(ignore) using defaults
[2.666s] Level 1:colcon.colcon_core.package_discovery:discover_packages(path) discover
[2.666s] Level 1:colcon.colcon_core.package_discovery:discover_packages(path) using defaults
[2.878s] Level 1:colcon.colcon_core.package_discovery:discover_packages(prefix_path) check parameters
[2.878s] Level 1:colcon.colcon_core.package_discovery:discover_packages(prefix_path) discover
[2.955s] DEBUG:colcon.colcon_installed_package_information.package_discovery:Found 277 installed packages in /opt/ros/humble
[2.956s] Level 1:colcon.colcon_core.package_discovery:discover_packages(prefix_path) using defaults
[3.192s] Level 5:colcon.colcon_core.verb:set package 'my_robot_controller' build argument 'cmake_args' from command line to 'None'
[3.192s] Level 5:colcon.colcon_core.verb:set package 'my_robot_controller' build argument 'cmake_target' from command line to 'None'
[3.192s] Level 5:colcon.colcon_core.verb:set package 'my_robot_controller' build argument 'cmake_target_skip_unavailable' from command line to 'False'
[3.192s] Level 5:colcon.colcon_core.verb:set package 'my_robot_controller' build argument 'cmake_clean_cache' from command line to 'False'
[3.192s] Level 5:colcon.colcon_core.verb:set package 'my_robot_controller' build argument 'cmake_clean_first' from command line to 'False'
[3.192s] Level 5:colcon.colcon_core.verb:set package 'my_robot_controller' build argument 'cmake_force_configure' from command line to 'False'
[3.193s] Level 5:colcon.colcon_core.verb:set package 'my_robot_controller' build argument 'ament_cmake_args' from command line to 'None'
[3.193s] Level 5:colcon.colcon_core.verb:set package 'my_robot_controller' build argument 'catkin_cmake_args' from command line to 'None'
[3.193s] Level 5:colcon.colcon_core.verb:set package 'my_robot_controller' build argument 'catkin_skip_building_tests' from command line to 'False'
[3.193s] DEBUG:colcon.colcon_core.verb:Building package 'my_robot_controller' with the following arguments: {'ament_cmake_args': None, 'build_base': '/home/ruasgar/ros2_ws/build/my_robot_controller', 'catkin_cmake_args': None, 'catkin_skip_building_tests': False, 'cmake_args': None, 'cmake_clean_cache': False, 'cmake_clean_first': False, 'cmake_force_configure': False, 'cmake_target': None, 'cmake_target_skip_unavailable': False, 'install_base': '/home/ruasgar/ros2_ws/install/my_robot_controller', 'merge_install': False, 'path': '/home/ruasgar/ros2_ws/my_robot_controller', 'symlink_install': False, 'test_result_base': None}
[3.236s] INFO:colcon.colcon_core.executor:Executing jobs using 'parallel' executor
[3.278s] DEBUG:colcon.colcon_parallel_executor.executor.parallel:run_until_complete
[3.278s] INFO:colcon.colcon_ros.task.ament_python.build:Building ROS package in '/home/ruasgar/ros2_ws/my_robot_controller' with build type 'ament_python'
[3.279s] Level 1:colcon.colcon_core.shell:create_environment_hook('my_robot_controller', 'ament_prefix_path')
[3.322s] INFO:colcon.colcon_core.plugin_system:Skipping extension 'colcon_core.shell.bat': Not used on non-Windows systems
[3.322s] INFO:colcon.colcon_core.shell:Creating environment hook '/home/ruasgar/ros2_ws/install/my_robot_controller/share/my_robot_controller/hook/ament_prefix_path.ps1'
[3.324s] INFO:colcon.colcon_core.shell:Creating environment descriptor '/home/ruasgar/ros2_ws/install/my_robot_controller/share/my_robot_controller/hook/ament_prefix_path.dsv'
[3.325s] INFO:colcon.colcon_core.shell:Creating environment hook '/home/ruasgar/ros2_ws/install/my_robot_controller/share/my_robot_controller/hook/ament_prefix_path.sh'
[3.365s] INFO:colcon.colcon_core.shell:Skip shell extension 'powershell' for command environment: Not usable outside of PowerShell
[3.365s] DEBUG:colcon.colcon_core.shell:Skip shell extension 'dsv' for command environment
[4.061s] INFO:colcon.colcon_core.task.python.build:Building Python package in '/home/ruasgar/ros2_ws/my_robot_controller'
[4.101s] INFO:colcon.colcon_core.shell:Skip shell extension 'powershell' for command environment: Not usable outside of PowerShell
[4.102s] DEBUG:colcon.colcon_core.shell:Skip shell extension 'dsv' for command environment
[4.939s] DEBUG:colcon.colcon_core.event_handler.log_command:Invoking command in '/home/ruasgar/ros2_ws/build/my_robot_controller': PYTHONPATH=/home/ruasgar/ros2_ws/build/my_robot_controller/prefix_override:/home/ruasgar/ros2_ws/install/my_robot_controller/lib/python3.10/site-packages:${PYTHONPATH} /usr/bin/python3 setup.py develop --uninstall --editable --build-directory /home/ruasgar/ros2_ws/build/my_robot_controller/build
[6.015s] DEBUG:colcon.colcon_core.event_handler.log_command:Invoked command in '/home/ruasgar/ros2_ws/build/my_robot_controller' returned '0': PYTHONPATH=/home/ruasgar/ros2_ws/build/my_robot_controller/prefix_override:/home/ruasgar/ros2_ws/install/my_robot_controller/lib/python3.10/site-packages:${PYTHONPATH} /usr/bin/python3 setup.py develop --uninstall --editable --build-directory /home/ruasgar/ros2_ws/build/my_robot_controller/build
[6.022s] DEBUG:colcon.colcon_core.event_handler.log_command:Invoking command in '/home/ruasgar/ros2_ws/my_robot_controller': PYTHONPATH=/home/ruasgar/ros2_ws/build/my_robot_controller/prefix_override:/home/ruasgar/ros2_ws/install/my_robot_controller/lib/python3.10/site-packages:${PYTHONPATH} /usr/bin/python3 setup.py egg_info --egg-base ../build/my_robot_controller build --build-base /home/ruasgar/ros2_ws/build/my_robot_controller/build install --record /home/ruasgar/ros2_ws/build/my_robot_controller/install.log --single-version-externally-managed
[6.735s] DEBUG:colcon.colcon_core.event_handler.log_command:Invoked command in '/home/ruasgar/ros2_ws/my_robot_controller' returned '0': PYTHONPATH=/home/ruasgar/ros2_ws/build/my_robot_controller/prefix_override:/home/ruasgar/ros2_ws/install/my_robot_controller/lib/python3.10/site-packages:${PYTHONPATH} /usr/bin/python3 setup.py egg_info --egg-base ../build/my_robot_controller build --build-base /home/ruasgar/ros2_ws/build/my_robot_controller/build install --record /home/ruasgar/ros2_ws/build/my_robot_controller/install.log --single-version-externally-managed
[6.778s] Level 1:colcon.colcon_core.environment:checking '/home/ruasgar/ros2_ws/install/my_robot_controller' for CMake module files
[6.780s] Level 1:colcon.colcon_core.environment:checking '/home/ruasgar/ros2_ws/install/my_robot_controller' for CMake config files
[6.783s] Level 1:colcon.colcon_core.environment:checking '/home/ruasgar/ros2_ws/install/my_robot_controller/lib'
[6.783s] Level 1:colcon.colcon_core.environment:checking '/home/ruasgar/ros2_ws/install/my_robot_controller/bin'
[6.783s] Level 1:colcon.colcon_core.environment:checking '/home/ruasgar/ros2_ws/install/my_robot_controller/lib/pkgconfig/my_robot_controller.pc'
[6.784s] Level 1:colcon.colcon_core.environment:checking '/home/ruasgar/ros2_ws/install/my_robot_controller/lib/python3.10/site-packages'
[6.784s] Level 1:colcon.colcon_core.shell:create_environment_hook('my_robot_controller', 'pythonpath')
[6.819s] INFO:colcon.colcon_core.shell:Creating environment hook '/home/ruasgar/ros2_ws/install/my_robot_controller/share/my_robot_controller/hook/pythonpath.ps1'
[6.820s] INFO:colcon.colcon_core.shell:Creating environment descriptor '/home/ruasgar/ros2_ws/install/my_robot_controller/share/my_robot_controller/hook/pythonpath.dsv'
[6.821s] INFO:colcon.colcon_core.shell:Creating environment hook '/home/ruasgar/ros2_ws/install/my_robot_controller/share/my_robot_controller/hook/pythonpath.sh'
[6.823s] Level 1:colcon.colcon_core.environment:checking '/home/ruasgar/ros2_ws/install/my_robot_controller/bin'
[6.823s] Level 1:colcon.colcon_core.environment:create_environment_scripts_only(my_robot_controller)
[6.859s] INFO:colcon.colcon_core.shell:Creating package script '/home/ruasgar/ros2_ws/install/my_robot_controller/share/my_robot_controller/package.ps1'
[6.860s] INFO:colcon.colcon_core.shell:Creating package descriptor '/home/ruasgar/ros2_ws/install/my_robot_controller/share/my_robot_controller/package.dsv'
[6.863s] INFO:colcon.colcon_core.shell:Creating package script '/home/ruasgar/ros2_ws/install/my_robot_controller/share/my_robot_controller/package.sh'
[6.867s] INFO:colcon.colcon_core.shell:Creating package script '/home/ruasgar/ros2_ws/install/my_robot_controller/share/my_robot_controller/package.bash'
[6.869s] INFO:colcon.colcon_core.shell:Creating package script '/home/ruasgar/ros2_ws/install/my_robot_controller/share/my_robot_controller/package.zsh'
[6.872s] Level 1:colcon.colcon_core.environment:create_file_with_runtime_dependencies(/home/ruasgar/ros2_ws/install/my_robot_controller/share/colcon-core/packages/my_robot_controller)
[6.873s] DEBUG:colcon.colcon_parallel_executor.executor.parallel:closing loop
[6.874s] DEBUG:colcon.colcon_parallel_executor.executor.parallel:loop closed
[6.874s] DEBUG:colcon.colcon_parallel_executor.executor.parallel:run_until_complete finished with '0'
[6.874s] DEBUG:colcon.colcon_core.event_reactor:joining thread
[6.974s] INFO:colcon.colcon_core.plugin_system:Skipping extension 'colcon_notification.desktop_notification.notify_send': Could not find 'notify-send'
[6.974s] INFO:colcon.colcon_core.plugin_system:Skipping extension 'colcon_notification.desktop_notification.terminal_notifier': Not used on non-Darwin systems
[6.974s] INFO:colcon.colcon_core.plugin_system:Skipping extension 'colcon_notification.desktop_notification.win32': Not used on non-Windows systems
[6.974s] INFO:colcon.colcon_notification.desktop_notification:Sending desktop notification using 'notify2'
[7.051s] DEBUG:colcon.colcon_notification.desktop_notification.notify2:Failed to initialize notify2: org.freedesktop.DBus.Error.ServiceUnknown: The name org.freedesktop.Notifications was not provided by any .service files
[7.052s] DEBUG:colcon.colcon_core.event_reactor:joined thread
[7.097s] INFO:colcon.colcon_core.shell:Creating prefix script '/home/ruasgar/ros2_ws/install/local_setup.ps1'
[7.101s] INFO:colcon.colcon_core.shell:Creating prefix util module '/home/ruasgar/ros2_ws/install/_local_setup_util_ps1.py'
[7.106s] INFO:colcon.colcon_core.shell:Creating prefix chain script '/home/ruasgar/ros2_ws/install/setup.ps1'
[7.189s] INFO:colcon.colcon_core.shell:Creating prefix script '/home/ruasgar/ros2_ws/install/local_setup.sh'
[7.191s] INFO:colcon.colcon_core.shell:Creating prefix util module '/home/ruasgar/ros2_ws/install/_local_setup_util_sh.py'
[7.193s] INFO:colcon.colcon_core.shell:Creating prefix chain script '/home/ruasgar/ros2_ws/install/setup.sh'
[7.258s] INFO:colcon.colcon_core.shell:Creating prefix script '/home/ruasgar/ros2_ws/install/local_setup.bash'
[7.261s] INFO:colcon.colcon_core.shell:Creating prefix chain script '/home/ruasgar/ros2_ws/install/setup.bash'
[7.318s] INFO:colcon.colcon_core.shell:Creating prefix script '/home/ruasgar/ros2_ws/install/local_setup.zsh'
[7.320s] INFO:colcon.colcon_core.shell:Creating prefix chain script '/home/ruasgar/ros2_ws/install/setup.zsh'
